2019-07-12 00:20:14 INFO  UserDaoImpl:17 - Increment id counter for user
2019-07-12 00:20:14 INFO  UserDaoImpl:25 - Add user User{id=0, email='test@test', password='test'} to db
2019-07-12 00:20:14 INFO  ProductDaoImpl:17 - Increment id counter for product
2019-07-12 00:20:14 INFO  ProductDaoImpl:25 - Add product Product{id=0, title='test', description='test', price=0.0} to db
2019-07-12 00:21:52 INFO  UserDaoImpl:17 - Increment id counter for user
2019-07-12 00:21:52 INFO  UserDaoImpl:25 - Add user User{id=0, email='test@test', password='test'} to db
2019-07-12 00:21:52 INFO  ProductDaoImpl:17 - Increment id counter for product
2019-07-12 00:21:52 INFO  ProductDaoImpl:25 - Add product Product{id=0, title='test', description='test', price=0.0} to db
2019-07-12 00:24:15 INFO  UserDaoImpl:17 - Increment id counter for user
2019-07-12 00:24:15 INFO  UserDaoImpl:25 - Add user User{id=0, email='test@test', password='test'} to db
2019-07-12 00:24:15 INFO  ProductDaoImpl:17 - Increment id counter for product
2019-07-12 00:24:15 INFO  ProductDaoImpl:25 - Add product Product{id=0, title='test', description='test', price=0.0} to db
2019-07-12 00:24:25 INFO  UserDaoImpl:17 - Increment id counter for user
2019-07-12 00:24:25 INFO  UserDaoImpl:25 - Add user User{id=1, email='111@111', password='111'} to db
2019-07-12 00:26:17 INFO  UserDaoImpl:17 - Increment id counter for user
2019-07-12 00:26:17 INFO  UserDaoImpl:25 - Add user User{id=0, email='test@test', password='test'} to db
2019-07-12 00:26:17 INFO  ProductDaoImpl:17 - Increment id counter for product
2019-07-12 00:26:17 INFO  ProductDaoImpl:25 - Add product Product{id=0, title='test', description='test', price=0.0} to db
2019-07-12 00:26:25 INFO  UserDaoImpl:17 - Increment id counter for user
2019-07-12 00:26:25 INFO  UserDaoImpl:25 - Add user User{id=1, email='111@111', password='111'} to db
2019-07-12 01:09:31 INFO  UserDaoImpl:17 - Increment id counter for user
2019-07-12 01:09:31 INFO  UserDaoImpl:25 - Add user User{id=0, email='test@test', password='test'} to db
2019-07-12 01:09:31 INFO  ProductDaoImpl:17 - Increment id counter for product
2019-07-12 01:09:31 INFO  ProductDaoImpl:25 - Add product Product{id=0, title='test', description='test', price=0.0} to db
2019-07-12 01:09:31 INFO  AllProductServlet:27 - Add initial product Product{id=0, title='test', description='test', price=0.0}
2019-07-12 01:09:41 INFO  UserDaoImpl:17 - Increment id counter for user
2019-07-12 01:09:41 INFO  UserDaoImpl:25 - Add user User{id=1, email='111@111', password='111'} to db
2019-07-12 01:09:41 INFO  UserRegistrationServlet:67 - Add new user User{id=1, email='111@111', password='111'} to db
2019-07-12 01:09:49 INFO  EditUserServlet:76 - Edit user data User{id=1, email='111@111c', password='111'} in db
2019-07-12 01:10:03 INFO  SignInServlet:48 - Sign in user User{id=1, email='111@111c', password='111'}
